{
  "RSpec": {
    "coverage": {
      "/home/renato-franco/Área de Trabalho/ruby/spec/hero_spec.rb": [
        null,
        1,
        1,
        null,
        1,
        1,
        1,
        null,
        null,
        null,
        1,
        1,
        1,
        null,
        null,
        null,
        null,
        1,
        1,
        1,
        0,
        null,
        null,
        null,
        1,
        1,
        null,
        null,
        null,
        1,
        1,
        null,
        null,
        null,
        null,
        1,
        1,
        null,
        null,
        null,
        1,
        1,
        1,
        1,
        1,
        null,
        null,
        null
      ],
      "/home/renato-franco/Área de Trabalho/ruby/src/hero.rb": [
        null,
        1,
        1,
        1,
        1,
        null,
        1,
        2,
        2,
        2,
        null,
        null,
        1,
        1,
        null,
        null,
        1,
        1,
        null,
        null,
        1,
        1,
        null,
        null,
        1,
        2,
        null,
        null
      ],
      "/home/renato-franco/Área de Trabalho/ruby/spec/matrix_reverse_spec.rb": [
        null,
        1,
        1,
        null,
        null,
        null,
        1,
        null,
        null,
        null,
        1,
        1,
        1,
        1,
        null,
        null,
        1,
        1,
        1,
        null,
        null,
        null,
        null,
        null,
        null,
        1,
        1,
        1,
        1,
        null,
        null,
        1,
        1,
        1,
        null,
        null,
        null,
        null
      ],
      "/home/renato-franco/Área de Trabalho/ruby/src/matrix_reverse.rb": [
        null,
        1,
        2,
        2,
        2,
        10,
        10,
        null,
        2,
        null,
        null,
        1,
        2,
        null
      ]
    },
    "timestamp": 1556122710
  }
}
